<?xml version="1.0" encoding="UTF-8" standalone="no"?>
<!DOCTYPE log SYSTEM "logger.dtd">
<log>
<record>
  <date>2016-10-11T18:59:07</date>
  <millis>1476183547209</millis>
  <sequence>0</sequence>
  <logger>Fusion</logger>
  <level>FINER</level>
  <class>Fusion</class>
  <method>fuse</method>
  <thread>1</thread>
  <message>ENTRY</message>
</record>
<record>
  <date>2016-10-11T18:59:07</date>
  <millis>1476183547232</millis>
  <sequence>41</sequence>
  <logger>Fusion</logger>
  <level>FINER</level>
  <class>Fusion</class>
  <method>fusionObtainsSkills</method>
  <thread>1</thread>
  <message>ENTRY</message>
</record>
<record>
  <date>2016-10-11T18:59:07</date>
  <millis>1476183547232</millis>
  <sequence>42</sequence>
  <logger>Fusion</logger>
  <level>FINER</level>
  <class>Fusion</class>
  <method>fusionObtainsSkills</method>
  <thread>1</thread>
  <message>RETURN</message>
</record>
<record>
  <date>2016-10-11T18:59:07</date>
  <millis>1476183547232</millis>
  <sequence>43</sequence>
  <logger>Fusion</logger>
  <level>FINER</level>
  <class>Fusion</class>
  <method>fusionObtainsSkills</method>
  <thread>1</thread>
  <message>ENTRY</message>
</record>
<record>
  <date>2016-10-11T18:59:07</date>
  <millis>1476183547232</millis>
  <sequence>44</sequence>
  <logger>Fusion</logger>
  <level>FINER</level>
  <class>Fusion</class>
  <method>fusionObtainsSkills</method>
  <thread>1</thread>
  <message>RETURN</message>
</record>
<record>
  <date>2016-10-11T18:59:07</date>
  <millis>1476183547232</millis>
  <sequence>45</sequence>
  <logger>Fusion</logger>
  <level>FINER</level>
  <class>Fusion</class>
  <method>fusionObtainsSkills</method>
  <thread>1</thread>
  <message>ENTRY</message>
</record>
<record>
  <date>2016-10-11T18:59:07</date>
  <millis>1476183547232</millis>
  <sequence>46</sequence>
  <logger>Fusion</logger>
  <level>FINER</level>
  <class>Fusion</class>
  <method>fusionObtainsSkills</method>
  <thread>1</thread>
  <message>RETURN</message>
</record>
<record>
  <date>2016-10-11T18:59:07</date>
  <millis>1476183547232</millis>
  <sequence>47</sequence>
  <logger>Fusion</logger>
  <level>FINER</level>
  <class>Fusion</class>
  <method>fusionObtainsSkills</method>
  <thread>1</thread>
  <message>ENTRY</message>
</record>
<record>
  <date>2016-10-11T18:59:07</date>
  <millis>1476183547232</millis>
  <sequence>48</sequence>
  <logger>Fusion</logger>
  <level>FINER</level>
  <class>Fusion</class>
  <method>fusionObtainsSkills</method>
  <thread>1</thread>
  <message>RETURN</message>
</record>
<record>
  <date>2016-10-11T18:59:07</date>
  <millis>1476183547232</millis>
  <sequence>49</sequence>
  <logger>Fusion</logger>
  <level>FINER</level>
  <class>Fusion</class>
  <method>fusionObtainsSkills</method>
  <thread>1</thread>
  <message>ENTRY</message>
</record>
<record>
  <date>2016-10-11T18:59:07</date>
  <millis>1476183547233</millis>
  <sequence>50</sequence>
  <logger>Fusion</logger>
  <level>FINER</level>
  <class>Fusion</class>
  <method>fusionObtainsSkills</method>
  <thread>1</thread>
  <message>RETURN</message>
</record>
<record>
  <date>2016-10-11T18:59:07</date>
  <millis>1476183547233</millis>
  <sequence>51</sequence>
  <logger>Fusion</logger>
  <level>FINER</level>
  <class>Fusion</class>
  <method>fusionObtainsSkills</method>
  <thread>1</thread>
  <message>ENTRY</message>
</record>
<record>
  <date>2016-10-11T18:59:07</date>
  <millis>1476183547233</millis>
  <sequence>52</sequence>
  <logger>Fusion</logger>
  <level>FINER</level>
  <class>Fusion</class>
  <method>fusionObtainsSkills</method>
  <thread>1</thread>
  <message>RETURN</message>
</record>
<record>
  <date>2016-10-11T18:59:07</date>
  <millis>1476183547233</millis>
  <sequence>53</sequence>
  <logger>Fusion</logger>
  <level>FINER</level>
  <class>Fusion</class>
  <method>fusionObtainsSkills</method>
  <thread>1</thread>
  <message>ENTRY</message>
</record>
<record>
  <date>2016-10-11T18:59:07</date>
  <millis>1476183547233</millis>
  <sequence>54</sequence>
  <logger>Fusion</logger>
  <level>FINER</level>
  <class>Fusion</class>
  <method>fusionObtainsSkills</method>
  <thread>1</thread>
  <message>RETURN</message>
</record>
<record>
  <date>2016-10-11T18:59:07</date>
  <millis>1476183547233</millis>
  <sequence>55</sequence>
  <logger>Fusion</logger>
  <level>FINER</level>
  <class>Fusion</class>
  <method>fusionObtainsSkills</method>
  <thread>1</thread>
  <message>ENTRY</message>
</record>
<record>
  <date>2016-10-11T18:59:07</date>
  <millis>1476183547233</millis>
  <sequence>56</sequence>
  <logger>Fusion</logger>
  <level>FINER</level>
  <class>Fusion</class>
  <method>fusionObtainsSkills</method>
  <thread>1</thread>
  <message>RETURN</message>
</record>
<record>
  <date>2016-10-11T18:59:07</date>
  <millis>1476183547233</millis>
  <sequence>57</sequence>
  <logger>Fusion</logger>
  <level>FINER</level>
  <class>Fusion</class>
  <method>fusionObtainsSkills</method>
  <thread>1</thread>
  <message>ENTRY</message>
</record>
<record>
  <date>2016-10-11T18:59:07</date>
  <millis>1476183547233</millis>
  <sequence>58</sequence>
  <logger>Fusion</logger>
  <level>FINER</level>
  <class>Fusion</class>
  <method>fusionObtainsSkills</method>
  <thread>1</thread>
  <message>RETURN</message>
</record>
<record>
  <date>2016-10-11T18:59:07</date>
  <millis>1476183547233</millis>
  <sequence>59</sequence>
  <logger>Fusion</logger>
  <level>FINER</level>
  <class>Fusion</class>
  <method>fusionObtainsSkills</method>
  <thread>1</thread>
  <message>ENTRY</message>
</record>
<record>
  <date>2016-10-11T18:59:07</date>
  <millis>1476183547233</millis>
  <sequence>60</sequence>
  <logger>Fusion</logger>
  <level>FINER</level>
  <class>Fusion</class>
  <method>fusionObtainsSkills</method>
  <thread>1</thread>
  <message>RETURN</message>
</record>
<record>
  <date>2016-10-11T18:59:07</date>
  <millis>1476183547233</millis>
  <sequence>61</sequence>
  <logger>Fusion</logger>
  <level>FINER</level>
  <class>Fusion</class>
  <method>fusionObtainsSkills</method>
  <thread>1</thread>
  <message>ENTRY</message>
</record>
<record>
  <date>2016-10-11T18:59:07</date>
  <millis>1476183547233</millis>
  <sequence>62</sequence>
  <logger>Fusion</logger>
  <level>FINER</level>
  <class>Fusion</class>
  <method>fusionObtainsSkills</method>
  <thread>1</thread>
  <message>RETURN</message>
</record>
<record>
  <date>2016-10-11T18:59:07</date>
  <millis>1476183547233</millis>
  <sequence>63</sequence>
  <logger>Fusion</logger>
  <level>FINER</level>
  <class>Fusion</class>
  <method>fusionObtainsSkills</method>
  <thread>1</thread>
  <message>ENTRY</message>
</record>
<record>
  <date>2016-10-11T18:59:07</date>
  <millis>1476183547234</millis>
  <sequence>64</sequence>
  <logger>Fusion</logger>
  <level>FINER</level>
  <class>Fusion</class>
  <method>fusionObtainsSkills</method>
  <thread>1</thread>
  <message>RETURN</message>
</record>
<record>
  <date>2016-10-11T18:59:07</date>
  <millis>1476183547234</millis>
  <sequence>65</sequence>
  <logger>Fusion</logger>
  <level>FINER</level>
  <class>Fusion</class>
  <method>fusionObtainsSkills</method>
  <thread>1</thread>
  <message>ENTRY</message>
</record>
<record>
  <date>2016-10-11T18:59:07</date>
  <millis>1476183547234</millis>
  <sequence>66</sequence>
  <logger>Fusion</logger>
  <level>FINER</level>
  <class>Fusion</class>
  <method>fusionObtainsSkills</method>
  <thread>1</thread>
  <message>RETURN</message>
</record>
<record>
  <date>2016-10-11T18:59:07</date>
  <millis>1476183547234</millis>
  <sequence>67</sequence>
  <logger>Fusion</logger>
  <level>FINER</level>
  <class>Fusion</class>
  <method>fusionObtainsSkills</method>
  <thread>1</thread>
  <message>ENTRY</message>
</record>
<record>
  <date>2016-10-11T18:59:07</date>
  <millis>1476183547234</millis>
  <sequence>68</sequence>
  <logger>Fusion</logger>
  <level>FINER</level>
  <class>Fusion</class>
  <method>fusionObtainsSkills</method>
  <thread>1</thread>
  <message>RETURN</message>
</record>
<record>
  <date>2016-10-11T18:59:07</date>
  <millis>1476183547234</millis>
  <sequence>69</sequence>
  <logger>Fusion</logger>
  <level>FINER</level>
  <class>Fusion</class>
  <method>fusionObtainsSkills</method>
  <thread>1</thread>
  <message>ENTRY</message>
</record>
<record>
  <date>2016-10-11T18:59:07</date>
  <millis>1476183547234</millis>
  <sequence>70</sequence>
  <logger>Fusion</logger>
  <level>FINER</level>
  <class>Fusion</class>
  <method>fusionObtainsSkills</method>
  <thread>1</thread>
  <message>RETURN</message>
</record>
<record>
  <date>2016-10-11T18:59:07</date>
  <millis>1476183547234</millis>
  <sequence>71</sequence>
  <logger>Fusion</logger>
  <level>FINER</level>
  <class>Fusion</class>
  <method>fuse</method>
  <thread>1</thread>
  <message>RETURN</message>
</record>
</log>
